build/app/intermediates/manifest_merge_blame_file/release/manifest-merger-blame-release-report.txt
1<?xml version="1.0" encoding="utf-8"?>
2<manifest xmlns:android="http://schemas.android.com/apk/res/android"
3    package="id.gawe.gaweid2"
4    android:versionCode="31"
5    android:versionName="1.3.4" >
6
7    <uses-sdk
8        android:minSdkVersion="17"
8-->src\main\AndroidManifest.xml
9        android:targetSdkVersion="30" />
9-->src\main\AndroidManifest.xml
10    <!--
11         io.flutter.app.FlutterApplication is an android.app.Application that
12         calls FlutterMain.startInitialization(this); in its onCreate method.
13         In most cases you can leave this as-is, but you if you want to provide
14         additional functionality it is fine to subclass or reimplement
15         FlutterApplication and put your custom class here.
16    -->
17    <!-- android:requestLegacyExternalStorage="true" -->
18    <uses-permission android:name="android.permission.RECORD_AUDIO" />
18-->src\main\AndroidManifest.xml:9:5-71
18-->src\main\AndroidManifest.xml:9:22-68
19    <uses-permission android:name="android.permission.CAMERA" />
19-->src\main\AndroidManifest.xml:10:5-65
19-->src\main\AndroidManifest.xml:10:22-62
20    <uses-permission android:name="android.permission.VIBRATE" />
20-->src\main\AndroidManifest.xml:11:5-66
20-->src\main\AndroidManifest.xml:11:22-63
21    <uses-permission android:name="android.permission.WRITE_EXTERNAL_STORAGE" />
21-->src\main\AndroidManifest.xml:12:5-80
21-->src\main\AndroidManifest.xml:12:22-78
22    <uses-permission android:name="android.permission.READ_EXTERNAL_STORAGE" />
22-->src\main\AndroidManifest.xml:13:5-79
22-->src\main\AndroidManifest.xml:13:22-77
23    <uses-permission android:name="android.permission.ACCESS_FINE_LOCATION" />
23-->src\main\AndroidManifest.xml:14:5-79
23-->src\main\AndroidManifest.xml:14:22-76
24    <uses-permission android:name="android.permission.INTERNET" />
24-->src\main\AndroidManifest.xml:15:5-66
24-->src\main\AndroidManifest.xml:15:22-64
25
26    <queries>
26-->[:flutter_inappwebview] AndroidManifest.xml:7:5-11:15
27        <intent>
27-->[:flutter_inappwebview] AndroidManifest.xml:8:9-10:18
28            <action android:name="android.support.customtabs.action.CustomTabsService" />
28-->[:flutter_inappwebview] AndroidManifest.xml:9:13-90
28-->[:flutter_inappwebview] AndroidManifest.xml:9:21-87
29        </intent>
30    </queries>
31
32    <uses-permission android:name="android.permission.ACCESS_NETWORK_STATE" /> <!-- Create a unique permission for your app and use it so only your app can receive your OneSignal messages. -->
32-->[:connectivity] AndroidManifest.xml:7:5-79
32-->[:connectivity] AndroidManifest.xml:7:22-76
33    <permission
33-->[com.onesignal:OneSignal:4.4.0] AndroidManifest.xml:7:5-9:47
34        android:name="id.gawe.gaweid2.permission.C2D_MESSAGE"
34-->[com.onesignal:OneSignal:4.4.0] AndroidManifest.xml:8:9-63
35        android:protectionLevel="signature" />
35-->[com.onesignal:OneSignal:4.4.0] AndroidManifest.xml:9:9-44
36
37    <uses-permission android:name="id.gawe.gaweid2.permission.C2D_MESSAGE" /> <!-- c2dm RECEIVE are basic requirements for push messages through Google's FCM -->
37-->[com.onesignal:OneSignal:4.4.0] AndroidManifest.xml:11:5-79
37-->[com.onesignal:OneSignal:4.4.0] AndroidManifest.xml:11:22-76
38    <uses-permission android:name="com.google.android.c2dm.permission.RECEIVE" /> <!-- Required, makes sure notifications are delivered on time. -->
38-->[com.onesignal:OneSignal:4.4.0] AndroidManifest.xml:17:5-82
38-->[com.onesignal:OneSignal:4.4.0] AndroidManifest.xml:17:22-79
39    <uses-permission android:name="android.permission.WAKE_LOCK" />
39-->[com.onesignal:OneSignal:4.4.0] AndroidManifest.xml:18:5-68
39-->[com.onesignal:OneSignal:4.4.0] AndroidManifest.xml:18:22-65
40    <!--
41 Use to restore notifications the user hasn't interacted with.
42         They could be missed notifications if the user reboots their device if this isn't in place.
43    -->
44    <uses-permission android:name="android.permission.RECEIVE_BOOT_COMPLETED" /> <!-- START: ShortcutBadger -->
44-->[com.onesignal:OneSignal:4.4.0] AndroidManifest.xml:29:5-81
44-->[com.onesignal:OneSignal:4.4.0] AndroidManifest.xml:29:22-78
45    <!-- Samsung -->
46    <uses-permission android:name="com.sec.android.provider.badge.permission.READ" />
46-->[com.onesignal:OneSignal:4.4.0] AndroidManifest.xml:31:5-86
46-->[com.onesignal:OneSignal:4.4.0] AndroidManifest.xml:31:22-83
47    <uses-permission android:name="com.sec.android.provider.badge.permission.WRITE" /> <!-- HTC -->
47-->[com.onesignal:OneSignal:4.4.0] AndroidManifest.xml:32:5-87
47-->[com.onesignal:OneSignal:4.4.0] AndroidManifest.xml:32:22-84
48    <uses-permission android:name="com.htc.launcher.permission.READ_SETTINGS" />
48-->[com.onesignal:OneSignal:4.4.0] AndroidManifest.xml:33:5-81
48-->[com.onesignal:OneSignal:4.4.0] AndroidManifest.xml:33:22-78
49    <uses-permission android:name="com.htc.launcher.permission.UPDATE_SHORTCUT" /> <!-- Sony -->
49-->[com.onesignal:OneSignal:4.4.0] AndroidManifest.xml:34:5-83
49-->[com.onesignal:OneSignal:4.4.0] AndroidManifest.xml:34:22-80
50    <uses-permission android:name="com.sonyericsson.home.permission.BROADCAST_BADGE" />
50-->[com.onesignal:OneSignal:4.4.0] AndroidManifest.xml:35:5-88
50-->[com.onesignal:OneSignal:4.4.0] AndroidManifest.xml:35:22-85
51    <uses-permission android:name="com.sonymobile.home.permission.PROVIDER_INSERT_BADGE" /> <!-- Apex -->
51-->[com.onesignal:OneSignal:4.4.0] AndroidManifest.xml:36:5-92
51-->[com.onesignal:OneSignal:4.4.0] AndroidManifest.xml:36:22-89
52    <uses-permission android:name="com.anddoes.launcher.permission.UPDATE_COUNT" /> <!-- Solid -->
52-->[com.onesignal:OneSignal:4.4.0] AndroidManifest.xml:37:5-84
52-->[com.onesignal:OneSignal:4.4.0] AndroidManifest.xml:37:22-81
53    <uses-permission android:name="com.majeur.launcher.permission.UPDATE_BADGE" /> <!-- Huawei -->
53-->[com.onesignal:OneSignal:4.4.0] AndroidManifest.xml:38:5-83
53-->[com.onesignal:OneSignal:4.4.0] AndroidManifest.xml:38:22-80
54    <uses-permission android:name="com.huawei.android.launcher.permission.CHANGE_BADGE" />
54-->[com.onesignal:OneSignal:4.4.0] AndroidManifest.xml:39:5-91
54-->[com.onesignal:OneSignal:4.4.0] AndroidManifest.xml:39:22-88
55    <uses-permission android:name="com.huawei.android.launcher.permission.READ_SETTINGS" />
55-->[com.onesignal:OneSignal:4.4.0] AndroidManifest.xml:40:5-92
55-->[com.onesignal:OneSignal:4.4.0] AndroidManifest.xml:40:22-89
56    <uses-permission android:name="com.huawei.android.launcher.permission.WRITE_SETTINGS" /> <!-- ZUK -->
56-->[com.onesignal:OneSignal:4.4.0] AndroidManifest.xml:41:5-93
56-->[com.onesignal:OneSignal:4.4.0] AndroidManifest.xml:41:22-90
57    <uses-permission android:name="android.permission.READ_APP_BADGE" /> <!-- OPPO -->
57-->[com.onesignal:OneSignal:4.4.0] AndroidManifest.xml:42:5-73
57-->[com.onesignal:OneSignal:4.4.0] AndroidManifest.xml:42:22-70
58    <uses-permission android:name="com.oppo.launcher.permission.READ_SETTINGS" />
58-->[com.onesignal:OneSignal:4.4.0] AndroidManifest.xml:43:5-82
58-->[com.onesignal:OneSignal:4.4.0] AndroidManifest.xml:43:22-79
59    <uses-permission android:name="com.oppo.launcher.permission.WRITE_SETTINGS" /> <!-- EvMe -->
59-->[com.onesignal:OneSignal:4.4.0] AndroidManifest.xml:44:5-83
59-->[com.onesignal:OneSignal:4.4.0] AndroidManifest.xml:44:22-80
60    <uses-permission android:name="me.everything.badger.permission.BADGE_COUNT_READ" />
60-->[com.onesignal:OneSignal:4.4.0] AndroidManifest.xml:45:5-88
60-->[com.onesignal:OneSignal:4.4.0] AndroidManifest.xml:45:22-85
61    <uses-permission android:name="me.everything.badger.permission.BADGE_COUNT_WRITE" />
61-->[com.onesignal:OneSignal:4.4.0] AndroidManifest.xml:46:5-89
61-->[com.onesignal:OneSignal:4.4.0] AndroidManifest.xml:46:22-86
62
63    <uses-feature
63-->[com.google.android.gms:play-services-maps:17.0.0] AndroidManifest.xml:26:5-28:35
64        android:glEsVersion="0x00020000"
64-->[com.google.android.gms:play-services-maps:17.0.0] AndroidManifest.xml:27:9-41
65        android:required="true" />
65-->[com.google.android.gms:play-services-maps:17.0.0] AndroidManifest.xml:28:9-32
66
67    <uses-permission android:name="android.permission.FOREGROUND_SERVICE" />
67-->[androidx.work:work-runtime:2.7.1] AndroidManifest.xml:28:5-77
67-->[androidx.work:work-runtime:2.7.1] AndroidManifest.xml:28:22-74
68    <uses-permission android:name="com.google.android.finsky.permission.BIND_GET_INSTALL_REFERRER_SERVICE" />
68-->[com.google.android.gms:play-services-measurement:18.0.3] AndroidManifest.xml:26:5-110
68-->[com.google.android.gms:play-services-measurement:18.0.3] AndroidManifest.xml:26:22-107
69
70    <application
70-->src\main\AndroidManifest.xml:17:5-55:19
71        android:name="io.flutter.app.FlutterApplication"
71-->src\main\AndroidManifest.xml:18:9-57
72        android:appComponentFactory="androidx.core.app.CoreComponentFactory"
72-->[androidx.core:core:1.6.0] AndroidManifest.xml:24:18-86
73        android:icon="@mipmap/launcher_icon"
73-->src\main\AndroidManifest.xml:21:9-45
74        android:label="gawe.id" >
74-->src\main\AndroidManifest.xml:19:9-32
75        <meta-data
75-->src\main\AndroidManifest.xml:23:9-24:70
76            android:name="com.google.android.geo.API_KEY"
76-->src\main\AndroidManifest.xml:23:20-65
77            android:value="AIzaSyDqTRIlPApY_qH2h8NvG5c1-HvF5t0svJU" />
77-->src\main\AndroidManifest.xml:24:13-68
78
79        <activity
79-->src\main\AndroidManifest.xml:25:9-49:20
80            android:name="id.gawe.gaweid2.MainActivity"
80-->src\main\AndroidManifest.xml:26:13-41
81            android:configChanges="orientation|keyboardHidden|keyboard|screenSize|smallestScreenSize|locale|layoutDirection|fontScale|screenLayout|density|uiMode"
81-->src\main\AndroidManifest.xml:30:13-163
82            android:hardwareAccelerated="true"
82-->src\main\AndroidManifest.xml:31:13-47
83            android:launchMode="singleTop"
83-->src\main\AndroidManifest.xml:27:13-43
84            android:theme="@style/LaunchTheme"
84-->src\main\AndroidManifest.xml:29:13-47
85            android:windowSoftInputMode="adjustResize" >
85-->src\main\AndroidManifest.xml:32:13-55
86
87            <!-- Deep linking -->
88            <meta-data
88-->src\main\AndroidManifest.xml:35:13-90
89                android:name="flutter_deeplinking_enabled"
89-->src\main\AndroidManifest.xml:35:24-66
90                android:value="true" />
90-->src\main\AndroidManifest.xml:35:67-87
91
92            <intent-filter android:autoVerify="true" >
92-->src\main\AndroidManifest.xml:36:13-42:29
92-->src\main\AndroidManifest.xml:36:28-53
93                <action android:name="android.intent.action.VIEW" />
93-->src\main\AndroidManifest.xml:37:17-69
93-->src\main\AndroidManifest.xml:37:25-66
94
95                <category android:name="android.intent.category.DEFAULT" />
95-->src\main\AndroidManifest.xml:38:17-76
95-->src\main\AndroidManifest.xml:38:27-73
96                <category android:name="android.intent.category.BROWSABLE" />
96-->src\main\AndroidManifest.xml:39:17-78
96-->src\main\AndroidManifest.xml:39:27-75
97
98                <data
98-->src\main\AndroidManifest.xml:40:17-70
99                    android:host="gawe.id"
99-->src\main\AndroidManifest.xml:40:45-67
100                    android:scheme="http" />
100-->src\main\AndroidManifest.xml:40:23-44
101                <data android:scheme="https" />
101-->src\main\AndroidManifest.xml:40:17-70
101-->src\main\AndroidManifest.xml:40:23-44
102            </intent-filter>
103            <intent-filter>
103-->src\main\AndroidManifest.xml:45:13-48:29
104                <action android:name="android.intent.action.MAIN" />
104-->src\main\AndroidManifest.xml:46:17-68
104-->src\main\AndroidManifest.xml:46:25-66
105
106                <category android:name="android.intent.category.LAUNCHER" />
106-->src\main\AndroidManifest.xml:47:17-76
106-->src\main\AndroidManifest.xml:47:27-74
107            </intent-filter>
108        </activity>
109        <!--
110             Don't delete the meta-data below.
111             This is used by the Flutter tool to generate GeneratedPluginRegistrant.java
112        -->
113        <meta-data
113-->src\main\AndroidManifest.xml:52:9-54:33
114            android:name="flutterEmbedding"
114-->src\main\AndroidManifest.xml:53:13-44
115            android:value="2" />
115-->src\main\AndroidManifest.xml:54:13-30
116
117        <service
117-->[:firebase_remote_config] AndroidManifest.xml:8:9-12:19
118            android:name="com.google.firebase.components.ComponentDiscoveryService"
118-->[:firebase_remote_config] AndroidManifest.xml:8:18-89
119            android:directBootAware="true"
119-->[com.google.firebase:firebase-common:19.5.0] AndroidManifest.xml:35:13-43
120            android:exported="false" >
120-->[com.google.firebase:firebase-messaging:21.1.0] AndroidManifest.xml:51:13-37
121            <meta-data
121-->[:firebase_remote_config] AndroidManifest.xml:9:13-11:85
122                android:name="com.google.firebase.components:io.flutter.plugins.firebase.firebaseremoteconfig.FlutterFirebaseAppRegistrar"
122-->[:firebase_remote_config] AndroidManifest.xml:10:17-139
123                android:value="com.google.firebase.components.ComponentRegistrar" />
123-->[:firebase_remote_config] AndroidManifest.xml:11:17-82
124            <meta-data
124-->[:firebase_core] AndroidManifest.xml:9:13-11:85
125                android:name="com.google.firebase.components:io.flutter.plugins.firebase.core.FlutterFirebaseCoreRegistrar"
125-->[:firebase_core] AndroidManifest.xml:10:17-124
126                android:value="com.google.firebase.components.ComponentRegistrar" />
126-->[:firebase_core] AndroidManifest.xml:11:17-82
127            <meta-data
127-->[com.google.firebase:firebase-messaging:21.1.0] AndroidManifest.xml:52:13-54:85
128                android:name="com.google.firebase.components:com.google.firebase.messaging.FirebaseMessagingRegistrar"
128-->[com.google.firebase:firebase-messaging:21.1.0] AndroidManifest.xml:53:17-119
129                android:value="com.google.firebase.components.ComponentRegistrar" />
129-->[com.google.firebase:firebase-messaging:21.1.0] AndroidManifest.xml:54:17-82
130            <meta-data
130-->[com.google.firebase:firebase-datatransport:17.0.10] AndroidManifest.xml:28:13-30:85
131                android:name="com.google.firebase.components:com.google.firebase.datatransport.TransportRegistrar"
131-->[com.google.firebase:firebase-datatransport:17.0.10] AndroidManifest.xml:29:17-115
132                android:value="com.google.firebase.components.ComponentRegistrar" />
132-->[com.google.firebase:firebase-datatransport:17.0.10] AndroidManifest.xml:30:17-82
133            <meta-data
133-->[com.google.firebase:firebase-iid:21.1.0] AndroidManifest.xml:32:13-34:85
134                android:name="com.google.firebase.components:com.google.firebase.iid.Registrar"
134-->[com.google.firebase:firebase-iid:21.1.0] AndroidManifest.xml:33:17-96
135                android:value="com.google.firebase.components.ComponentRegistrar" />
135-->[com.google.firebase:firebase-iid:21.1.0] AndroidManifest.xml:34:17-82
136            <meta-data
136-->[com.google.firebase:firebase-config:20.0.4] AndroidManifest.xml:32:13-34:85
137                android:name="com.google.firebase.components:com.google.firebase.remoteconfig.RemoteConfigRegistrar"
137-->[com.google.firebase:firebase-config:20.0.4] AndroidManifest.xml:33:17-117
138                android:value="com.google.firebase.components.ComponentRegistrar" />
138-->[com.google.firebase:firebase-config:20.0.4] AndroidManifest.xml:34:17-82
139            <meta-data
139-->[com.google.android.gms:play-services-measurement-api:18.0.3] AndroidManifest.xml:30:13-32:85
140                android:name="com.google.firebase.components:com.google.firebase.analytics.connector.internal.AnalyticsConnectorRegistrar"
140-->[com.google.android.gms:play-services-measurement-api:18.0.3] AndroidManifest.xml:31:17-139
141                android:value="com.google.firebase.components.ComponentRegistrar" />
141-->[com.google.android.gms:play-services-measurement-api:18.0.3] AndroidManifest.xml:32:17-82
142            <meta-data
142-->[com.google.firebase:firebase-abt:20.0.0] AndroidManifest.xml:13:13-15:85
143                android:name="com.google.firebase.components:com.google.firebase.abt.component.AbtRegistrar"
143-->[com.google.firebase:firebase-abt:20.0.0] AndroidManifest.xml:14:17-109
144                android:value="com.google.firebase.components.ComponentRegistrar" />
144-->[com.google.firebase:firebase-abt:20.0.0] AndroidManifest.xml:15:17-82
145            <meta-data
145-->[com.google.firebase:firebase-installations:16.3.5] AndroidManifest.xml:18:13-20:85
146                android:name="com.google.firebase.components:com.google.firebase.installations.FirebaseInstallationsRegistrar"
146-->[com.google.firebase:firebase-installations:16.3.5] AndroidManifest.xml:19:17-127
147                android:value="com.google.firebase.components.ComponentRegistrar" />
147-->[com.google.firebase:firebase-installations:16.3.5] AndroidManifest.xml:20:17-82
148            <!--
149                This registrar is not defined in the dynamic-module-support sdk itself to allow non-firebase
150                clients to use it as well, by defining this registrar in their own core/common library.
151            -->
152            <meta-data
152-->[com.google.firebase:firebase-common:19.5.0] AndroidManifest.xml:43:13-45:85
153                android:name="com.google.firebase.components:com.google.firebase.dynamicloading.DynamicLoadingRegistrar"
153-->[com.google.firebase:firebase-common:19.5.0] AndroidManifest.xml:44:17-121
154                android:value="com.google.firebase.components.ComponentRegistrar" />
154-->[com.google.firebase:firebase-common:19.5.0] AndroidManifest.xml:45:17-82
155        </service>
156
157        <provider
157-->[:image_picker] AndroidManifest.xml:11:9-19:20
158            android:name="io.flutter.plugins.imagepicker.ImagePickerFileProvider"
158-->[:image_picker] AndroidManifest.xml:12:13-82
159            android:authorities="id.gawe.gaweid2.flutter.image_provider"
159-->[:image_picker] AndroidManifest.xml:13:13-74
160            android:exported="false"
160-->[:image_picker] AndroidManifest.xml:14:13-37
161            android:grantUriPermissions="true" >
161-->[:image_picker] AndroidManifest.xml:15:13-47
162            <meta-data
162-->[:image_picker] AndroidManifest.xml:16:13-18:75
163                android:name="android.support.FILE_PROVIDER_PATHS"
163-->[:image_picker] AndroidManifest.xml:17:17-67
164                android:resource="@xml/flutter_image_picker_file_paths" />
164-->[:image_picker] AndroidManifest.xml:18:17-72
165        </provider>
166
167        <activity
167-->[:flutter_inappwebview] AndroidManifest.xml:14:9-17:47
168            android:name="com.pichillilorenzo.flutter_inappwebview.in_app_browser.InAppBrowserActivity"
168-->[:flutter_inappwebview] AndroidManifest.xml:15:13-104
169            android:configChanges="orientation|keyboardHidden|keyboard|screenSize|locale|layoutDirection|fontScale|screenLayout|density"
169-->[:flutter_inappwebview] AndroidManifest.xml:16:13-137
170            android:theme="@style/AppTheme" />
170-->[:flutter_inappwebview] AndroidManifest.xml:17:13-44
171        <activity
171-->[:flutter_inappwebview] AndroidManifest.xml:18:9-20:55
172            android:name="com.pichillilorenzo.flutter_inappwebview.chrome_custom_tabs.ChromeCustomTabsActivity"
172-->[:flutter_inappwebview] AndroidManifest.xml:19:13-112
173            android:theme="@style/ThemeTransparent" />
173-->[:flutter_inappwebview] AndroidManifest.xml:20:13-52
174
175        <receiver android:name="com.pichillilorenzo.flutter_inappwebview.chrome_custom_tabs.ActionBroadcastReceiver" />
175-->[:flutter_inappwebview] AndroidManifest.xml:22:9-120
175-->[:flutter_inappwebview] AndroidManifest.xml:22:19-117
176
177        <meta-data
177-->[:flutter_inappwebview] AndroidManifest.xml:24:9-26:36
178            android:name="io.flutter.embedded_views_preview"
178-->[:flutter_inappwebview] AndroidManifest.xml:25:13-61
179            android:value="true" />
179-->[:flutter_inappwebview] AndroidManifest.xml:26:13-33
180
181        <provider
181-->[:share_plus] AndroidManifest.xml:8:9-16:20
182            android:name="dev.fluttercommunity.plus.share.ShareFileProvider"
182-->[:share_plus] AndroidManifest.xml:9:13-77
183            android:authorities="id.gawe.gaweid2.flutter.share_provider"
183-->[:share_plus] AndroidManifest.xml:10:13-74
184            android:exported="false"
184-->[:share_plus] AndroidManifest.xml:11:13-37
185            android:grantUriPermissions="true" >
185-->[:share_plus] AndroidManifest.xml:12:13-47
186            <meta-data
186-->[:image_picker] AndroidManifest.xml:16:13-18:75
187                android:name="android.support.FILE_PROVIDER_PATHS"
187-->[:image_picker] AndroidManifest.xml:17:17-67
188                android:resource="@xml/flutter_share_file_paths" />
188-->[:image_picker] AndroidManifest.xml:18:17-72
189        </provider>
190
191        <activity
191-->[:url_launcher] AndroidManifest.xml:8:9-11:74
192            android:name="io.flutter.plugins.urllauncher.WebViewActivity"
192-->[:url_launcher] AndroidManifest.xml:9:13-74
193            android:exported="false"
193-->[:url_launcher] AndroidManifest.xml:10:13-37
194            android:theme="@android:style/Theme.NoTitleBar.Fullscreen" />
194-->[:url_launcher] AndroidManifest.xml:11:13-71
195
196        <receiver
196-->[com.onesignal:OneSignal:4.4.0] AndroidManifest.xml:49:9-59:20
197            android:name="com.onesignal.FCMBroadcastReceiver"
197-->[com.onesignal:OneSignal:4.4.0] AndroidManifest.xml:50:13-62
198            android:permission="com.google.android.c2dm.permission.SEND" >
198-->[com.onesignal:OneSignal:4.4.0] AndroidManifest.xml:51:13-73
199
200            <!-- High priority so OneSignal payloads can be filtered from other FCM receivers -->
201            <intent-filter android:priority="999" >
201-->[com.onesignal:OneSignal:4.4.0] AndroidManifest.xml:54:13-58:29
201-->[com.onesignal:OneSignal:4.4.0] AndroidManifest.xml:54:28-50
202                <action android:name="com.google.android.c2dm.intent.RECEIVE" />
202-->[com.onesignal:OneSignal:4.4.0] AndroidManifest.xml:55:17-81
202-->[com.onesignal:OneSignal:4.4.0] AndroidManifest.xml:55:25-78
203
204                <category android:name="id.gawe.gaweid2" />
204-->[com.onesignal:OneSignal:4.4.0] AndroidManifest.xml:57:17-61
204-->[com.onesignal:OneSignal:4.4.0] AndroidManifest.xml:57:27-58
205            </intent-filter>
206        </receiver>
207
208        <service
208-->[com.onesignal:OneSignal:4.4.0] AndroidManifest.xml:61:9-67:19
209            android:name="com.onesignal.HmsMessageServiceOneSignal"
209-->[com.onesignal:OneSignal:4.4.0] AndroidManifest.xml:62:13-68
210            android:exported="false" >
210-->[com.onesignal:OneSignal:4.4.0] AndroidManifest.xml:63:13-37
211            <intent-filter>
211-->[com.onesignal:OneSignal:4.4.0] AndroidManifest.xml:64:13-66:29
212                <action android:name="com.huawei.push.action.MESSAGING_EVENT" />
212-->[com.onesignal:OneSignal:4.4.0] AndroidManifest.xml:65:17-81
212-->[com.onesignal:OneSignal:4.4.0] AndroidManifest.xml:65:25-78
213            </intent-filter>
214        </service>
215
216        <activity
216-->[com.onesignal:OneSignal:4.4.0] AndroidManifest.xml:69:9-76:20
217            android:name="com.onesignal.NotificationOpenedActivityHMS"
217-->[com.onesignal:OneSignal:4.4.0] AndroidManifest.xml:70:13-71
218            android:noHistory="true"
218-->[com.onesignal:OneSignal:4.4.0] AndroidManifest.xml:71:13-37
219            android:theme="@android:style/Theme.Translucent.NoTitleBar" >
219-->[com.onesignal:OneSignal:4.4.0] AndroidManifest.xml:72:13-72
220            <intent-filter>
220-->[com.onesignal:OneSignal:4.4.0] AndroidManifest.xml:73:13-75:29
221                <action android:name="android.intent.action.VIEW" />
221-->src\main\AndroidManifest.xml:37:17-69
221-->src\main\AndroidManifest.xml:37:25-66
222            </intent-filter>
223        </activity>
224
225        <service android:name="com.onesignal.FCMIntentService" />
225-->[com.onesignal:OneSignal:4.4.0] AndroidManifest.xml:78:9-66
225-->[com.onesignal:OneSignal:4.4.0] AndroidManifest.xml:78:18-63
226        <service
226-->[com.onesignal:OneSignal:4.4.0] AndroidManifest.xml:79:9-81:72
227            android:name="com.onesignal.FCMIntentJobService"
227-->[com.onesignal:OneSignal:4.4.0] AndroidManifest.xml:80:13-61
228            android:permission="android.permission.BIND_JOB_SERVICE" />
228-->[com.onesignal:OneSignal:4.4.0] AndroidManifest.xml:81:13-69
229        <service
229-->[com.onesignal:OneSignal:4.4.0] AndroidManifest.xml:82:9-84:43
230            android:name="com.onesignal.FocusDelaySyncService"
230-->[com.onesignal:OneSignal:4.4.0] AndroidManifest.xml:83:13-63
231            android:stopWithTask="true" />
231-->[com.onesignal:OneSignal:4.4.0] AndroidManifest.xml:84:13-40
232        <service
232-->[com.onesignal:OneSignal:4.4.0] AndroidManifest.xml:85:9-87:72
233            android:name="com.onesignal.FocusDelaySyncJobService"
233-->[com.onesignal:OneSignal:4.4.0] AndroidManifest.xml:86:13-66
234            android:permission="android.permission.BIND_JOB_SERVICE" />
234-->[com.onesignal:OneSignal:4.4.0] AndroidManifest.xml:87:13-69
235        <service
235-->[com.onesignal:OneSignal:4.4.0] AndroidManifest.xml:88:9-90:43
236            android:name="com.onesignal.SyncService"
236-->[com.onesignal:OneSignal:4.4.0] AndroidManifest.xml:89:13-53
237            android:stopWithTask="true" />
237-->[com.onesignal:OneSignal:4.4.0] AndroidManifest.xml:90:13-40
238        <service
238-->[com.onesignal:OneSignal:4.4.0] AndroidManifest.xml:91:9-93:72
239            android:name="com.onesignal.SyncJobService"
239-->[com.onesignal:OneSignal:4.4.0] AndroidManifest.xml:92:13-56
240            android:permission="android.permission.BIND_JOB_SERVICE" />
240-->[com.onesignal:OneSignal:4.4.0] AndroidManifest.xml:93:13-69
241
242        <activity
242-->[com.onesignal:OneSignal:4.4.0] AndroidManifest.xml:95:9-97:75
243            android:name="com.onesignal.PermissionsActivity"
243-->[com.onesignal:OneSignal:4.4.0] AndroidManifest.xml:96:13-61
244            android:theme="@android:style/Theme.Translucent.NoTitleBar" />
244-->[com.onesignal:OneSignal:4.4.0] AndroidManifest.xml:97:13-72
245
246        <receiver android:name="com.onesignal.NotificationDismissReceiver" />
246-->[com.onesignal:OneSignal:4.4.0] AndroidManifest.xml:99:9-78
246-->[com.onesignal:OneSignal:4.4.0] AndroidManifest.xml:99:19-75
247        <receiver android:name="com.onesignal.BootUpReceiver" >
247-->[com.onesignal:OneSignal:4.4.0] AndroidManifest.xml:100:9-105:20
247-->[com.onesignal:OneSignal:4.4.0] AndroidManifest.xml:100:19-62
248            <intent-filter>
248-->[com.onesignal:OneSignal:4.4.0] AndroidManifest.xml:101:13-104:29
249                <action android:name="android.intent.action.BOOT_COMPLETED" />
249-->[com.onesignal:OneSignal:4.4.0] AndroidManifest.xml:102:17-79
249-->[com.onesignal:OneSignal:4.4.0] AndroidManifest.xml:102:25-76
250                <action android:name="android.intent.action.QUICKBOOT_POWERON" />
250-->[com.onesignal:OneSignal:4.4.0] AndroidManifest.xml:103:17-82
250-->[com.onesignal:OneSignal:4.4.0] AndroidManifest.xml:103:25-79
251            </intent-filter>
252        </receiver>
253        <receiver android:name="com.onesignal.UpgradeReceiver" >
253-->[com.onesignal:OneSignal:4.4.0] AndroidManifest.xml:106:9-110:20
253-->[com.onesignal:OneSignal:4.4.0] AndroidManifest.xml:106:19-63
254            <intent-filter>
254-->[com.onesignal:OneSignal:4.4.0] AndroidManifest.xml:107:13-109:29
255                <action android:name="android.intent.action.MY_PACKAGE_REPLACED" />
255-->[com.onesignal:OneSignal:4.4.0] AndroidManifest.xml:108:17-84
255-->[com.onesignal:OneSignal:4.4.0] AndroidManifest.xml:108:25-81
256            </intent-filter>
257        </receiver>
258
259        <activity
259-->[com.onesignal:OneSignal:4.4.0] AndroidManifest.xml:112:9-115:75
260            android:name="com.onesignal.NotificationOpenedReceiver"
260-->[com.onesignal:OneSignal:4.4.0] AndroidManifest.xml:113:13-68
261            android:noHistory="true"
261-->[com.onesignal:OneSignal:4.4.0] AndroidManifest.xml:114:13-37
262            android:theme="@android:style/Theme.Translucent.NoTitleBar" />
262-->[com.onesignal:OneSignal:4.4.0] AndroidManifest.xml:115:13-72
263
264        <receiver
264-->[com.google.firebase:firebase-messaging:21.1.0] AndroidManifest.xml:28:9-35:20
265            android:name="com.google.firebase.iid.FirebaseInstanceIdReceiver"
265-->[com.google.firebase:firebase-messaging:21.1.0] AndroidManifest.xml:29:13-78
266            android:exported="true"
266-->[com.google.firebase:firebase-messaging:21.1.0] AndroidManifest.xml:30:13-36
267            android:permission="com.google.android.c2dm.permission.SEND" >
267-->[com.google.firebase:firebase-messaging:21.1.0] AndroidManifest.xml:31:13-73
268            <intent-filter>
268-->[com.google.firebase:firebase-messaging:21.1.0] AndroidManifest.xml:32:13-34:29
269                <action android:name="com.google.android.c2dm.intent.RECEIVE" />
269-->[com.onesignal:OneSignal:4.4.0] AndroidManifest.xml:55:17-81
269-->[com.onesignal:OneSignal:4.4.0] AndroidManifest.xml:55:25-78
270            </intent-filter>
271        </receiver>
272        <!--
273             FirebaseMessagingService performs security checks at runtime,
274             but set to not exported to explicitly avoid allowing another app to call it.
275        -->
276        <service
276-->[com.google.firebase:firebase-messaging:21.1.0] AndroidManifest.xml:41:9-48:19